2024-03-27T17:38:45.739+01:00  INFO 7892 --- [restartedMain] c.c.bcc0601.Bcc0601Application           : Starting Bcc0601Application using Java 17.0.10 with PID 7892 (C:\ProyectosconGit\bcc0906\target\classes started by BorjaChedaCandales in C:\ProyectosconGit\bcc0906)
2024-03-27T17:38:45.741+01:00  INFO 7892 --- [restartedMain] c.c.bcc0601.Bcc0601Application           : No active profile set, falling back to 1 default profile: "default"
2024-03-27T17:38:45.767+01:00  INFO 7892 --- [restartedMain] .e.DevToolsPropertyDefaultsPostProcessor : Devtools property defaults active! Set 'spring.devtools.add-properties' to 'false' to disable
2024-03-27T17:38:45.768+01:00  INFO 7892 --- [restartedMain] .e.DevToolsPropertyDefaultsPostProcessor : For additional web related logging consider setting the 'logging.level.web' property to 'DEBUG'
2024-03-27T17:38:46.188+01:00  INFO 7892 --- [restartedMain] .s.d.r.c.RepositoryConfigurationDelegate : Bootstrapping Spring Data JPA repositories in DEFAULT mode.
2024-03-27T17:38:46.232+01:00  INFO 7892 --- [restartedMain] .s.d.r.c.RepositoryConfigurationDelegate : Finished Spring Data repository scanning in 38 ms. Found 2 JPA repository interfaces.
2024-03-27T17:38:46.596+01:00  INFO 7892 --- [restartedMain] o.s.b.w.embedded.tomcat.TomcatWebServer  : Tomcat initialized with port 8085 (http)
2024-03-27T17:38:46.603+01:00  INFO 7892 --- [restartedMain] o.apache.catalina.core.StandardService   : Starting service [Tomcat]
2024-03-27T17:38:46.603+01:00  INFO 7892 --- [restartedMain] o.apache.catalina.core.StandardEngine    : Starting Servlet engine: [Apache Tomcat/10.1.19]
2024-03-27T17:38:46.633+01:00  INFO 7892 --- [restartedMain] o.a.c.c.C.[Tomcat].[localhost].[/]       : Initializing Spring embedded WebApplicationContext
2024-03-27T17:38:46.633+01:00  INFO 7892 --- [restartedMain] w.s.c.ServletWebServerApplicationContext : Root WebApplicationContext: initialization completed in 860 ms
2024-03-27T17:38:46.743+01:00  INFO 7892 --- [restartedMain] o.hibernate.jpa.internal.util.LogHelper  : HHH000204: Processing PersistenceUnitInfo [name: default]
2024-03-27T17:38:46.778+01:00  INFO 7892 --- [restartedMain] org.hibernate.Version                    : HHH000412: Hibernate ORM core version 6.4.4.Final
2024-03-27T17:38:46.799+01:00  INFO 7892 --- [restartedMain] o.h.c.internal.RegionFactoryInitiator    : HHH000026: Second-level cache disabled
2024-03-27T17:38:46.960+01:00  INFO 7892 --- [restartedMain] o.s.o.j.p.SpringPersistenceUnitInfo      : No LoadTimeWeaver setup: ignoring JPA class transformer
2024-03-27T17:38:46.977+01:00  INFO 7892 --- [restartedMain] com.zaxxer.hikari.HikariDataSource       : HikariPool-1 - Starting...
2024-03-27T17:38:47.152+01:00  INFO 7892 --- [restartedMain] com.zaxxer.hikari.pool.HikariPool        : HikariPool-1 - Added connection com.mysql.cj.jdbc.ConnectionImpl@1f6b8e0
2024-03-27T17:38:47.153+01:00  INFO 7892 --- [restartedMain] com.zaxxer.hikari.HikariDataSource       : HikariPool-1 - Start completed.
2024-03-27T17:38:47.825+01:00  INFO 7892 --- [restartedMain] o.h.e.t.j.p.i.JtaPlatformInitiator       : HHH000489: No JTA platform available (set 'hibernate.transaction.jta.platform' to enable JTA platform integration)
2024-03-27T17:38:47.856+01:00  INFO 7892 --- [restartedMain] j.LocalContainerEntityManagerFactoryBean : Initialized JPA EntityManagerFactory for persistence unit 'default'
2024-03-27T17:38:48.010+01:00  INFO 7892 --- [restartedMain] o.s.d.j.r.query.QueryEnhancerFactory     : Hibernate is in classpath; If applicable, HQL parser will be used.
2024-03-27T17:38:48.322+01:00  WARN 7892 --- [restartedMain] JpaBaseConfiguration$JpaWebConfiguration : spring.jpa.open-in-view is enabled by default. Therefore, database queries may be performed during view rendering. Explicitly configure spring.jpa.open-in-view to disable this warning
2024-03-27T17:38:48.548+01:00  INFO 7892 --- [restartedMain] o.s.s.web.DefaultSecurityFilterChain     : Will secure any request with [org.springframework.security.web.session.DisableEncodeUrlFilter@350a7e12, org.springframework.security.web.context.request.async.WebAsyncManagerIntegrationFilter@543dc6e0, org.springframework.security.web.context.SecurityContextHolderFilter@51fd10e5, org.springframework.security.web.header.HeaderWriterFilter@cca39be, org.springframework.web.filter.CorsFilter@2837351, org.springframework.security.web.csrf.CsrfFilter@1fa5b2d8, org.springframework.security.web.authentication.logout.LogoutFilter@53bb5d7c, org.springframework.security.web.authentication.UsernamePasswordAuthenticationFilter@7fb24a80, org.springframework.security.web.authentication.www.BasicAuthenticationFilter@6897dfe1, org.springframework.security.web.savedrequest.RequestCacheAwareFilter@64d7e9bc, org.springframework.security.web.servletapi.SecurityContextHolderAwareRequestFilter@580e07bd, org.springframework.security.web.authentication.rememberme.RememberMeAuthenticationFilter@4beead3c, org.springframework.security.web.authentication.AnonymousAuthenticationFilter@27fd8e87, org.springframework.security.web.access.ExceptionTranslationFilter@2cdfd5af, org.springframework.security.web.access.intercept.AuthorizationFilter@89e523e]
2024-03-27T17:38:48.730+01:00  INFO 7892 --- [restartedMain] o.s.b.d.a.OptionalLiveReloadServer       : LiveReload server is running on port 35729
2024-03-27T17:38:48.755+01:00  INFO 7892 --- [restartedMain] o.s.b.w.embedded.tomcat.TomcatWebServer  : Tomcat started on port 8085 (http) with context path ''
2024-03-27T17:38:48.763+01:00  INFO 7892 --- [restartedMain] c.c.bcc0601.Bcc0601Application           : Started Bcc0601Application in 3.264 seconds (process running for 6.732)
2024-03-27T17:38:48.780+01:00  INFO 7892 --- [SpringApplicationShutdownHook] j.LocalContainerEntityManagerFactoryBean : Closing JPA EntityManagerFactory for persistence unit 'default'
2024-03-27T17:38:48.782+01:00  INFO 7892 --- [SpringApplicationShutdownHook] com.zaxxer.hikari.HikariDataSource       : HikariPool-1 - Shutdown initiated...
2024-03-27T17:38:48.786+01:00  INFO 7892 --- [SpringApplicationShutdownHook] com.zaxxer.hikari.HikariDataSource       : HikariPool-1 - Shutdown completed.
2024-03-27T17:38:51.157+01:00  INFO 12824 --- [restartedMain] c.c.bcc0601.Bcc0601Application           : Starting Bcc0601Application using Java 17.0.10 with PID 12824 (C:\ProyectosconGit\bcc0906\target\classes started by BorjaChedaCandales in C:\ProyectosconGit\bcc0906)
2024-03-27T17:38:51.158+01:00  INFO 12824 --- [restartedMain] c.c.bcc0601.Bcc0601Application           : No active profile set, falling back to 1 default profile: "default"
2024-03-27T17:38:51.189+01:00  INFO 12824 --- [restartedMain] .e.DevToolsPropertyDefaultsPostProcessor : Devtools property defaults active! Set 'spring.devtools.add-properties' to 'false' to disable
2024-03-27T17:38:51.189+01:00  INFO 12824 --- [restartedMain] .e.DevToolsPropertyDefaultsPostProcessor : For additional web related logging consider setting the 'logging.level.web' property to 'DEBUG'
2024-03-27T17:38:51.660+01:00  INFO 12824 --- [restartedMain] .s.d.r.c.RepositoryConfigurationDelegate : Bootstrapping Spring Data JPA repositories in DEFAULT mode.
2024-03-27T17:38:51.692+01:00  INFO 12824 --- [restartedMain] .s.d.r.c.RepositoryConfigurationDelegate : Finished Spring Data repository scanning in 27 ms. Found 2 JPA repository interfaces.
2024-03-27T17:38:52.052+01:00  INFO 12824 --- [restartedMain] o.s.b.w.embedded.tomcat.TomcatWebServer  : Tomcat initialized with port 8085 (http)
2024-03-27T17:38:52.059+01:00  INFO 12824 --- [restartedMain] o.apache.catalina.core.StandardService   : Starting service [Tomcat]
2024-03-27T17:38:52.059+01:00  INFO 12824 --- [restartedMain] o.apache.catalina.core.StandardEngine    : Starting Servlet engine: [Apache Tomcat/10.1.19]
2024-03-27T17:38:52.088+01:00  INFO 12824 --- [restartedMain] o.a.c.c.C.[Tomcat].[localhost].[/]       : Initializing Spring embedded WebApplicationContext
2024-03-27T17:38:52.088+01:00  INFO 12824 --- [restartedMain] w.s.c.ServletWebServerApplicationContext : Root WebApplicationContext: initialization completed in 899 ms
2024-03-27T17:38:52.196+01:00  INFO 12824 --- [restartedMain] o.hibernate.jpa.internal.util.LogHelper  : HHH000204: Processing PersistenceUnitInfo [name: default]
2024-03-27T17:38:52.228+01:00  INFO 12824 --- [restartedMain] org.hibernate.Version                    : HHH000412: Hibernate ORM core version 6.4.4.Final
2024-03-27T17:38:52.247+01:00  INFO 12824 --- [restartedMain] o.h.c.internal.RegionFactoryInitiator    : HHH000026: Second-level cache disabled
2024-03-27T17:38:52.407+01:00  INFO 12824 --- [restartedMain] o.s.o.j.p.SpringPersistenceUnitInfo      : No LoadTimeWeaver setup: ignoring JPA class transformer
2024-03-27T17:38:52.424+01:00  INFO 12824 --- [restartedMain] com.zaxxer.hikari.HikariDataSource       : HikariPool-1 - Starting...
2024-03-27T17:38:52.583+01:00  INFO 12824 --- [restartedMain] com.zaxxer.hikari.pool.HikariPool        : HikariPool-1 - Added connection com.mysql.cj.jdbc.ConnectionImpl@35a25d35
2024-03-27T17:38:52.584+01:00  INFO 12824 --- [restartedMain] com.zaxxer.hikari.HikariDataSource       : HikariPool-1 - Start completed.
2024-03-27T17:38:53.179+01:00  INFO 12824 --- [restartedMain] o.h.e.t.j.p.i.JtaPlatformInitiator       : HHH000489: No JTA platform available (set 'hibernate.transaction.jta.platform' to enable JTA platform integration)
2024-03-27T17:38:53.211+01:00  INFO 12824 --- [restartedMain] j.LocalContainerEntityManagerFactoryBean : Initialized JPA EntityManagerFactory for persistence unit 'default'
2024-03-27T17:38:53.365+01:00  INFO 12824 --- [restartedMain] o.s.d.j.r.query.QueryEnhancerFactory     : Hibernate is in classpath; If applicable, HQL parser will be used.
2024-03-27T17:38:53.653+01:00  WARN 12824 --- [restartedMain] JpaBaseConfiguration$JpaWebConfiguration : spring.jpa.open-in-view is enabled by default. Therefore, database queries may be performed during view rendering. Explicitly configure spring.jpa.open-in-view to disable this warning
2024-03-27T17:38:53.873+01:00  INFO 12824 --- [restartedMain] o.s.s.web.DefaultSecurityFilterChain     : Will secure any request with [org.springframework.security.web.session.DisableEncodeUrlFilter@b297fc8, org.springframework.security.web.context.request.async.WebAsyncManagerIntegrationFilter@6d3848a, org.springframework.security.web.context.SecurityContextHolderFilter@7f514543, org.springframework.security.web.header.HeaderWriterFilter@16a00904, org.springframework.web.filter.CorsFilter@31345d2c, org.springframework.security.web.csrf.CsrfFilter@2df45207, org.springframework.security.web.authentication.logout.LogoutFilter@67c2099b, org.springframework.security.web.authentication.UsernamePasswordAuthenticationFilter@30821ce9, org.springframework.security.web.authentication.www.BasicAuthenticationFilter@6adba175, org.springframework.security.web.savedrequest.RequestCacheAwareFilter@799a7a84, org.springframework.security.web.servletapi.SecurityContextHolderAwareRequestFilter@133fb9ca, org.springframework.security.web.authentication.rememberme.RememberMeAuthenticationFilter@35160203, org.springframework.security.web.authentication.AnonymousAuthenticationFilter@57dee78e, org.springframework.security.web.access.ExceptionTranslationFilter@25d138ff, org.springframework.security.web.access.intercept.AuthorizationFilter@2d05d06d]
2024-03-27T17:38:54.053+01:00  INFO 12824 --- [restartedMain] o.s.b.d.a.OptionalLiveReloadServer       : LiveReload server is running on port 35729
2024-03-27T17:38:54.077+01:00  INFO 12824 --- [restartedMain] o.s.b.w.embedded.tomcat.TomcatWebServer  : Tomcat started on port 8085 (http) with context path ''
2024-03-27T17:38:54.084+01:00  INFO 12824 --- [restartedMain] c.c.bcc0601.Bcc0601Application           : Started Bcc0601Application in 3.184 seconds (process running for 3.664)
2024-03-27T17:39:06.989+01:00  INFO 12824 --- [http-nio-8085-exec-1] o.a.c.c.C.[Tomcat].[localhost].[/]       : Initializing Spring DispatcherServlet 'dispatcherServlet'
2024-03-27T17:39:06.989+01:00  INFO 12824 --- [http-nio-8085-exec-1] o.s.web.servlet.DispatcherServlet        : Initializing Servlet 'dispatcherServlet'
2024-03-27T17:39:06.990+01:00  INFO 12824 --- [http-nio-8085-exec-1] o.s.web.servlet.DispatcherServlet        : Completed initialization in 1 ms
2024-03-27T17:39:07.023+01:00  INFO 12824 --- [http-nio-8085-exec-1] c.c.b.Controllers.UsuarioController      : Est치s mostrando el listado de Usuarios!
2024-03-27T17:39:10.496+01:00  WARN 12824 --- [http-nio-8085-exec-4] c.c.b.Controllers.UsuarioController      : Ojo! Vas a editar a un usuario?
2024-03-27T17:39:48.857+01:00  INFO 12824 --- [SpringApplicationShutdownHook] j.LocalContainerEntityManagerFactoryBean : Closing JPA EntityManagerFactory for persistence unit 'default'
2024-03-27T17:39:48.864+01:00  INFO 12824 --- [SpringApplicationShutdownHook] com.zaxxer.hikari.HikariDataSource       : HikariPool-1 - Shutdown initiated...
2024-03-27T17:39:48.878+01:00  INFO 12824 --- [SpringApplicationShutdownHook] com.zaxxer.hikari.HikariDataSource       : HikariPool-1 - Shutdown completed.
2024-03-27T17:39:50.571+01:00  INFO 11520 --- [restartedMain] c.c.bcc0601.Bcc0601Application           : Starting Bcc0601Application using Java 17.0.10 with PID 11520 (C:\ProyectosconGit\bcc0906\target\classes started by BorjaChedaCandales in C:\ProyectosconGit\bcc0906)
2024-03-27T17:39:50.574+01:00  INFO 11520 --- [restartedMain] c.c.bcc0601.Bcc0601Application           : No active profile set, falling back to 1 default profile: "default"
2024-03-27T17:39:50.605+01:00  INFO 11520 --- [restartedMain] .e.DevToolsPropertyDefaultsPostProcessor : Devtools property defaults active! Set 'spring.devtools.add-properties' to 'false' to disable
2024-03-27T17:39:50.606+01:00  INFO 11520 --- [restartedMain] .e.DevToolsPropertyDefaultsPostProcessor : For additional web related logging consider setting the 'logging.level.web' property to 'DEBUG'
2024-03-27T17:39:51.070+01:00  INFO 11520 --- [restartedMain] .s.d.r.c.RepositoryConfigurationDelegate : Bootstrapping Spring Data JPA repositories in DEFAULT mode.
2024-03-27T17:39:51.103+01:00  INFO 11520 --- [restartedMain] .s.d.r.c.RepositoryConfigurationDelegate : Finished Spring Data repository scanning in 28 ms. Found 2 JPA repository interfaces.
2024-03-27T17:39:51.452+01:00  INFO 11520 --- [restartedMain] o.s.b.w.embedded.tomcat.TomcatWebServer  : Tomcat initialized with port 8085 (http)
2024-03-27T17:39:51.459+01:00  INFO 11520 --- [restartedMain] o.apache.catalina.core.StandardService   : Starting service [Tomcat]
2024-03-27T17:39:51.460+01:00  INFO 11520 --- [restartedMain] o.apache.catalina.core.StandardEngine    : Starting Servlet engine: [Apache Tomcat/10.1.19]
2024-03-27T17:39:51.491+01:00  INFO 11520 --- [restartedMain] o.a.c.c.C.[Tomcat].[localhost].[/]       : Initializing Spring embedded WebApplicationContext
2024-03-27T17:39:51.491+01:00  INFO 11520 --- [restartedMain] w.s.c.ServletWebServerApplicationContext : Root WebApplicationContext: initialization completed in 885 ms
2024-03-27T17:39:51.596+01:00  INFO 11520 --- [restartedMain] o.hibernate.jpa.internal.util.LogHelper  : HHH000204: Processing PersistenceUnitInfo [name: default]
2024-03-27T17:39:51.628+01:00  INFO 11520 --- [restartedMain] org.hibernate.Version                    : HHH000412: Hibernate ORM core version 6.4.4.Final
2024-03-27T17:39:51.649+01:00  INFO 11520 --- [restartedMain] o.h.c.internal.RegionFactoryInitiator    : HHH000026: Second-level cache disabled
2024-03-27T17:39:51.825+01:00  INFO 11520 --- [restartedMain] o.s.o.j.p.SpringPersistenceUnitInfo      : No LoadTimeWeaver setup: ignoring JPA class transformer
2024-03-27T17:39:51.843+01:00  INFO 11520 --- [restartedMain] com.zaxxer.hikari.HikariDataSource       : HikariPool-1 - Starting...
2024-03-27T17:39:52.013+01:00  INFO 11520 --- [restartedMain] com.zaxxer.hikari.pool.HikariPool        : HikariPool-1 - Added connection com.mysql.cj.jdbc.ConnectionImpl@cbb5add
2024-03-27T17:39:52.014+01:00  INFO 11520 --- [restartedMain] com.zaxxer.hikari.HikariDataSource       : HikariPool-1 - Start completed.
2024-03-27T17:39:52.634+01:00  INFO 11520 --- [restartedMain] o.h.e.t.j.p.i.JtaPlatformInitiator       : HHH000489: No JTA platform available (set 'hibernate.transaction.jta.platform' to enable JTA platform integration)
2024-03-27T17:39:52.666+01:00  INFO 11520 --- [restartedMain] j.LocalContainerEntityManagerFactoryBean : Initialized JPA EntityManagerFactory for persistence unit 'default'
2024-03-27T17:39:52.812+01:00  INFO 11520 --- [restartedMain] o.s.d.j.r.query.QueryEnhancerFactory     : Hibernate is in classpath; If applicable, HQL parser will be used.
2024-03-27T17:39:53.097+01:00  WARN 11520 --- [restartedMain] JpaBaseConfiguration$JpaWebConfiguration : spring.jpa.open-in-view is enabled by default. Therefore, database queries may be performed during view rendering. Explicitly configure spring.jpa.open-in-view to disable this warning
2024-03-27T17:39:53.314+01:00  INFO 11520 --- [restartedMain] o.s.s.web.DefaultSecurityFilterChain     : Will secure any request with [org.springframework.security.web.session.DisableEncodeUrlFilter@6d85895c, org.springframework.security.web.context.request.async.WebAsyncManagerIntegrationFilter@5a6c639c, org.springframework.security.web.context.SecurityContextHolderFilter@ec2ecbf, org.springframework.security.web.header.HeaderWriterFilter@431ea01, org.springframework.web.filter.CorsFilter@28fccd84, org.springframework.security.web.csrf.CsrfFilter@4e4344c9, org.springframework.security.web.authentication.logout.LogoutFilter@1224502d, org.springframework.security.web.authentication.UsernamePasswordAuthenticationFilter@46d6ac1b, org.springframework.security.web.authentication.www.BasicAuthenticationFilter@245ad712, org.springframework.security.web.savedrequest.RequestCacheAwareFilter@87d5257, org.springframework.security.web.servletapi.SecurityContextHolderAwareRequestFilter@6a450bd2, org.springframework.security.web.authentication.rememberme.RememberMeAuthenticationFilter@44065b67, org.springframework.security.web.authentication.AnonymousAuthenticationFilter@4bdbf3a9, org.springframework.security.web.access.ExceptionTranslationFilter@78d4c782, org.springframework.security.web.access.intercept.AuthorizationFilter@7e4271f4]
2024-03-27T17:39:53.598+01:00  INFO 11520 --- [restartedMain] o.s.b.d.a.OptionalLiveReloadServer       : LiveReload server is running on port 35729
2024-03-27T17:39:53.646+01:00  INFO 11520 --- [restartedMain] o.s.b.w.embedded.tomcat.TomcatWebServer  : Tomcat started on port 8085 (http) with context path ''
2024-03-27T17:39:53.656+01:00  INFO 11520 --- [restartedMain] c.c.bcc0601.Bcc0601Application           : Started Bcc0601Application in 3.349 seconds (process running for 3.792)
2024-03-27T17:40:12.784+01:00  INFO 11520 --- [http-nio-8085-exec-1] o.a.c.c.C.[Tomcat].[localhost].[/]       : Initializing Spring DispatcherServlet 'dispatcherServlet'
2024-03-27T17:40:12.784+01:00  INFO 11520 --- [http-nio-8085-exec-1] o.s.web.servlet.DispatcherServlet        : Initializing Servlet 'dispatcherServlet'
2024-03-27T17:40:12.785+01:00  INFO 11520 --- [http-nio-8085-exec-1] o.s.web.servlet.DispatcherServlet        : Completed initialization in 1 ms
2024-03-27T17:40:12.814+01:00  INFO 11520 --- [http-nio-8085-exec-1] c.c.b.Controllers.UsuarioController      : Est치s mostrando el listado de Usuarios!
2024-03-27T17:41:47.137+01:00  WARN 11520 --- [http-nio-8085-exec-3] c.c.b.Controllers.UsuarioController      : Ojo! Vas a editar a un usuario?
2024-03-27T17:43:48.618+01:00  INFO 11520 --- [SpringApplicationShutdownHook] j.LocalContainerEntityManagerFactoryBean : Closing JPA EntityManagerFactory for persistence unit 'default'
2024-03-27T17:43:48.636+01:00  INFO 11520 --- [SpringApplicationShutdownHook] com.zaxxer.hikari.HikariDataSource       : HikariPool-1 - Shutdown initiated...
2024-03-27T17:43:48.645+01:00  INFO 11520 --- [SpringApplicationShutdownHook] com.zaxxer.hikari.HikariDataSource       : HikariPool-1 - Shutdown completed.
2024-03-27T17:43:50.483+01:00  INFO 4284 --- [restartedMain] c.c.bcc0601.Bcc0601Application           : Starting Bcc0601Application using Java 17.0.10 with PID 4284 (C:\ProyectosconGit\bcc0906\target\classes started by BorjaChedaCandales in C:\ProyectosconGit\bcc0906)
2024-03-27T17:43:50.485+01:00  INFO 4284 --- [restartedMain] c.c.bcc0601.Bcc0601Application           : No active profile set, falling back to 1 default profile: "default"
2024-03-27T17:43:50.517+01:00  INFO 4284 --- [restartedMain] .e.DevToolsPropertyDefaultsPostProcessor : Devtools property defaults active! Set 'spring.devtools.add-properties' to 'false' to disable
2024-03-27T17:43:50.517+01:00  INFO 4284 --- [restartedMain] .e.DevToolsPropertyDefaultsPostProcessor : For additional web related logging consider setting the 'logging.level.web' property to 'DEBUG'
2024-03-27T17:43:51.055+01:00  INFO 4284 --- [restartedMain] .s.d.r.c.RepositoryConfigurationDelegate : Bootstrapping Spring Data JPA repositories in DEFAULT mode.
2024-03-27T17:43:51.093+01:00  INFO 4284 --- [restartedMain] .s.d.r.c.RepositoryConfigurationDelegate : Finished Spring Data repository scanning in 33 ms. Found 2 JPA repository interfaces.
2024-03-27T17:43:51.507+01:00  INFO 4284 --- [restartedMain] o.s.b.w.embedded.tomcat.TomcatWebServer  : Tomcat initialized with port 8085 (http)
2024-03-27T17:43:51.515+01:00  INFO 4284 --- [restartedMain] o.apache.catalina.core.StandardService   : Starting service [Tomcat]
2024-03-27T17:43:51.516+01:00  INFO 4284 --- [restartedMain] o.apache.catalina.core.StandardEngine    : Starting Servlet engine: [Apache Tomcat/10.1.19]
2024-03-27T17:43:51.551+01:00  INFO 4284 --- [restartedMain] o.a.c.c.C.[Tomcat].[localhost].[/]       : Initializing Spring embedded WebApplicationContext
2024-03-27T17:43:51.551+01:00  INFO 4284 --- [restartedMain] w.s.c.ServletWebServerApplicationContext : Root WebApplicationContext: initialization completed in 1034 ms
2024-03-27T17:43:51.689+01:00  INFO 4284 --- [restartedMain] o.hibernate.jpa.internal.util.LogHelper  : HHH000204: Processing PersistenceUnitInfo [name: default]
2024-03-27T17:43:51.733+01:00  INFO 4284 --- [restartedMain] org.hibernate.Version                    : HHH000412: Hibernate ORM core version 6.4.4.Final
2024-03-27T17:43:51.760+01:00  INFO 4284 --- [restartedMain] o.h.c.internal.RegionFactoryInitiator    : HHH000026: Second-level cache disabled
2024-03-27T17:43:51.919+01:00  INFO 4284 --- [restartedMain] o.s.o.j.p.SpringPersistenceUnitInfo      : No LoadTimeWeaver setup: ignoring JPA class transformer
2024-03-27T17:43:51.942+01:00  INFO 4284 --- [restartedMain] com.zaxxer.hikari.HikariDataSource       : HikariPool-1 - Starting...
2024-03-27T17:43:52.163+01:00  INFO 4284 --- [restartedMain] com.zaxxer.hikari.pool.HikariPool        : HikariPool-1 - Added connection com.mysql.cj.jdbc.ConnectionImpl@6cb1bb16
2024-03-27T17:43:52.164+01:00  INFO 4284 --- [restartedMain] com.zaxxer.hikari.HikariDataSource       : HikariPool-1 - Start completed.
2024-03-27T17:43:52.828+01:00  INFO 4284 --- [restartedMain] o.h.e.t.j.p.i.JtaPlatformInitiator       : HHH000489: No JTA platform available (set 'hibernate.transaction.jta.platform' to enable JTA platform integration)
2024-03-27T17:43:52.865+01:00  INFO 4284 --- [restartedMain] j.LocalContainerEntityManagerFactoryBean : Initialized JPA EntityManagerFactory for persistence unit 'default'
2024-03-27T17:43:53.043+01:00  INFO 4284 --- [restartedMain] o.s.d.j.r.query.QueryEnhancerFactory     : Hibernate is in classpath; If applicable, HQL parser will be used.
2024-03-27T17:43:53.421+01:00  WARN 4284 --- [restartedMain] JpaBaseConfiguration$JpaWebConfiguration : spring.jpa.open-in-view is enabled by default. Therefore, database queries may be performed during view rendering. Explicitly configure spring.jpa.open-in-view to disable this warning
2024-03-27T17:43:53.669+01:00  INFO 4284 --- [restartedMain] o.s.s.web.DefaultSecurityFilterChain     : Will secure any request with [org.springframework.security.web.session.DisableEncodeUrlFilter@18f88535, org.springframework.security.web.context.request.async.WebAsyncManagerIntegrationFilter@6647bc98, org.springframework.security.web.context.SecurityContextHolderFilter@68f22017, org.springframework.security.web.header.HeaderWriterFilter@68d910b1, org.springframework.web.filter.CorsFilter@5f6222c8, org.springframework.security.web.csrf.CsrfFilter@5c4f5f24, org.springframework.security.web.authentication.logout.LogoutFilter@222ab771, org.springframework.security.web.authentication.UsernamePasswordAuthenticationFilter@6c73f7e1, org.springframework.security.web.authentication.www.BasicAuthenticationFilter@58ec3e16, org.springframework.security.web.savedrequest.RequestCacheAwareFilter@596cbb16, org.springframework.security.web.servletapi.SecurityContextHolderAwareRequestFilter@219c1532, org.springframework.security.web.authentication.rememberme.RememberMeAuthenticationFilter@162bf397, org.springframework.security.web.authentication.AnonymousAuthenticationFilter@65ad44f3, org.springframework.security.web.access.ExceptionTranslationFilter@4f6681f4, org.springframework.security.web.access.intercept.AuthorizationFilter@52600776]
2024-03-27T17:43:53.914+01:00  INFO 4284 --- [restartedMain] o.s.b.d.a.OptionalLiveReloadServer       : LiveReload server is running on port 35729
2024-03-27T17:43:53.942+01:00  INFO 4284 --- [restartedMain] o.s.b.w.embedded.tomcat.TomcatWebServer  : Tomcat started on port 8085 (http) with context path ''
2024-03-27T17:43:53.949+01:00  INFO 4284 --- [restartedMain] c.c.bcc0601.Bcc0601Application           : Started Bcc0601Application in 3.772 seconds (process running for 4.18)
2024-03-27T17:43:54.224+01:00  INFO 4284 --- [http-nio-8085-exec-1] o.a.c.c.C.[Tomcat].[localhost].[/]       : Initializing Spring DispatcherServlet 'dispatcherServlet'
2024-03-27T17:43:54.225+01:00  INFO 4284 --- [http-nio-8085-exec-1] o.s.web.servlet.DispatcherServlet        : Initializing Servlet 'dispatcherServlet'
2024-03-27T17:43:54.225+01:00  INFO 4284 --- [http-nio-8085-exec-1] o.s.web.servlet.DispatcherServlet        : Completed initialization in 0 ms
2024-03-27T17:43:54.268+01:00  INFO 4284 --- [http-nio-8085-exec-1] c.c.b.Controllers.UsuarioController      : Est치s mostrando el listado de Usuarios!
2024-03-27T17:43:59.424+01:00  WARN 4284 --- [http-nio-8085-exec-3] c.c.b.Controllers.UsuarioController      : Ojo! Vas a editar a un usuario?
2024-03-27T17:44:20.689+01:00  INFO 4284 --- [http-nio-8085-exec-6] c.c.b.Controllers.UsuarioController      : Est치s mostrando el listado de Usuarios!
